1:0:package com.example;
2:1:public class SampleInput2 {
3:0:    public void test(int n) {
4:1:        String filepath = ".\\src\\main\\java\\org\\example\\operators.txt";
5:0:
6:1:        int a = 3;
7:1:        a++;
8:1:        a--;
9:1:        a++;
10:21:        for (int i = 0; i < n; i++) {
11:420:            for (int j = 0; j < n; j++) {
12:406:                while (a < 10) {
13:6:                    a++;
14:0:                }
15:0:            }
16:0:        }
17:21:        for (int i = 0; i < n; i++) {
18:20:            a++;
19:0:        }
20:0:        
21:1:    }
22:0:}
